[2021-08-28 17:32:08][86] Processing: App\Mail\SendNewPassword
[2021-08-28 17:32:13][86] Processed:  App\Mail\SendNewPassword
1-08-28 17:16:51][85] Processing: App\Jobs\ProcessEmails
[2021-08-28 17:16:55][85] Processed:  App\Jobs\ProcessEmails
[2021-08-29 04:24:21][11] Processing: App\Mail\SendNewPassword
[2021-08-29 04:24:23][11] Processed:  App\Mail\SendNewPassword
[2021-08-29 04:25:20][12] Processing: App\Mail\SendNewPassword
[2021-08-29 04:25:22][12] Processed:  App\Mail\SendNewPassword
[2021-08-29 09:24:57][1] Processing: App\Notifications\VerifyNotification
[2021-08-29 09:25:00][1] Processed:  App\Notifications\VerifyNotification
[2021-08-29 09:28:51][2] Processing: App\Events\NewNotification
[2021-08-29 09:28:51][2] Processed:  App\Events\NewNotification
[2021-08-29 09:30:12][5] Processing: App\Events\NewNotification
[2021-08-29 09:30:12][5] Processed:  App\Events\NewNotification
[2021-08-29 09:30:12][6] Processing: App\Jobs\SendNotificationMailToClass
[2021-08-29 09:30:14][6] Processed:  App\Jobs\SendNotificationMailToClass
[2021-08-29 09:30:23][7] Processing: App\Events\NewNotification
[2021-08-29 09:30:23][7] Processed:  App\Events\NewNotification
[2021-08-29 09:30:23][8] Processing: App\Jobs\SendNotificationMailToClass
[2021-08-29 09:30:23][8] Processed:  App\Jobs\SendNotificationMailToClass
[2021-08-29 09:31:23][9] Processing: App\Notifications\VerifyNotification
[2021-08-29 09:31:25][9] Processed:  App\Notifications\VerifyNotification
[2021-08-29 09:32:53][10] Processing: App\Events\NewNotification
[2021-08-29 09:32:53][10] Processed:  App\Events\NewNotification
[2021-08-29 09:32:53][11] Processing: App\Events\NewNotification
[2021-08-29 09:32:53][11] Processed:  App\Events\NewNotification
